Determining if the pthread_create exist failed with the following output:
Change Dir: /home/iki/r2m_ncs/build/CMakeFiles/CMakeTmp

Run Build Command:"/usr/bin/make" "cmTC_bd328/fast"
/usr/bin/make -f CMakeFiles/cmTC_bd328.dir/build.make CMakeFiles/cmTC_bd328.dir/build
make[1]: Entering directory '/home/iki/r2m_ncs/build/CMakeFiles/CMakeTmp'
Building C object CMakeFiles/cmTC_bd328.dir/CheckSymbolExists.c.o
/usr/bin/cc     -o CMakeFiles/cmTC_bd328.dir/CheckSymbolExists.c.o   -c /home/iki/r2m_ncs/build/CMakeFiles/CMakeTmp/CheckSymbolExists.c
Linking C executable cmTC_bd328
/usr/bin/cmake -E cmake_link_script CMakeFiles/cmTC_bd328.dir/link.txt --verbose=1
/usr/bin/cc       CMakeFiles/cmTC_bd328.dir/CheckSymbolExists.c.o  -o cmTC_bd328 -rdynamic 
CMakeFiles/cmTC_bd328.dir/CheckSymbolExists.c.o: In function `main':
CheckSymbolExists.c:(.text+0x16): undefined reference to `pthread_create'
collect2: error: ld returned 1 exit status
CMakeFiles/cmTC_bd328.dir/build.make:97: recipe for target 'cmTC_bd328' failed
make[1]: *** [cmTC_bd328] Error 1
make[1]: Leaving directory '/home/iki/r2m_ncs/build/CMakeFiles/CMakeTmp'
Makefile:126: recipe for target 'cmTC_bd328/fast' failed
make: *** [cmTC_bd328/fast] Error 2

File /home/iki/r2m_ncs/build/CMakeFiles/CMakeTmp/CheckSymbolExists.c:
/* */
#include <pthread.h>

int main(int argc, char** argv)
{
  (void)argv;
#ifndef pthread_create
  return ((int*)(&pthread_create))[argc];
#else
  (void)argc;
  return 0;
#endif
}

Determining if the function pthread_create exists in the pthreads failed with the following output:
Change Dir: /home/iki/r2m_ncs/build/CMakeFiles/CMakeTmp

Run Build Command:"/usr/bin/make" "cmTC_c3be2/fast"
/usr/bin/make -f CMakeFiles/cmTC_c3be2.dir/build.make CMakeFiles/cmTC_c3be2.dir/build
make[1]: Entering directory '/home/iki/r2m_ncs/build/CMakeFiles/CMakeTmp'
Building C object CMakeFiles/cmTC_c3be2.dir/CheckFunctionExists.c.o
/usr/bin/cc    -DCHECK_FUNCTION_EXISTS=pthread_create   -o CMakeFiles/cmTC_c3be2.dir/CheckFunctionExists.c.o   -c /usr/share/cmake-3.5/Modules/CheckFunctionExists.c
Linking C executable cmTC_c3be2
/usr/bin/cmake -E cmake_link_script CMakeFiles/cmTC_c3be2.dir/link.txt --verbose=1
/usr/bin/cc   -DCHECK_FUNCTION_EXISTS=pthread_create    CMakeFiles/cmTC_c3be2.dir/CheckFunctionExists.c.o  -o cmTC_c3be2 -rdynamic -lpthreads 
/usr/bin/ld: cannot find -lpthreads
collect2: error: ld returned 1 exit status
CMakeFiles/cmTC_c3be2.dir/build.make:97: recipe for target 'cmTC_c3be2' failed
make[1]: *** [cmTC_c3be2] Error 1
make[1]: Leaving directory '/home/iki/r2m_ncs/build/CMakeFiles/CMakeTmp'
Makefile:126: recipe for target 'cmTC_c3be2/fast' failed
make: *** [cmTC_c3be2/fast] Error 2


